Traceback (most recent call last):
  File "/home/ee4483_02/NTU-IE4483/train_scratch_model.py", line 246, in <module>
    main(args)
  File "/home/ee4483_02/NTU-IE4483/train_scratch_model.py", line 188, in main
    set_seed(42)
  File "/home/ee4483_02/NTU-IE4483/train_scratch_model.py", line 174, in set_seed
    np.random.seed(seed)                 
    ^^
NameError: name 'np' is not defined. Did you mean: 'nn'?
srun: error: gpu-a5000-5: task 0: Exited with exit code 1
srun: Terminating StepId=13649.0
